<?xml version="1.0" encoding="UTF-8"?>
<testng-results ignored="0" total="1" passed="1" failed="0" skipped="0">
  <reporter-output>
  </reporter-output>
  <suite started-at="2022-10-18T22:17:24 EDT" name="Regression" finished-at="2022-10-18T22:17:44 EDT" duration-ms="20773">
    <groups>
    </groups>
    <test started-at="2022-10-18T22:17:24 EDT" name="IT" finished-at="2022-10-18T22:17:44 EDT" duration-ms="20773">
      <class name="Piit.training.session.AmazonTestNGFramework.AmazonToPurchase">
        <test-method is-config="true" signature="browser(java.lang.String, java.lang.String)[pri:0, instance:Piit.training.session.AmazonTestNGFramework.AmazonToPurchase@1622f1b]" started-at="2022-10-18T22:17:24 EDT" name="browser" finished-at="2022-10-18T22:17:30 EDT" duration-ms="6221" status="PASS">
          <params>
            <param index="0">
              <value>
                <![CDATA[Chrome]]>
              </value>
            </param>
            <param index="1">
              <value>
                <![CDATA[https://www.amazon.com/]]>
              </value>
            </param>
          </params>
          <reporter-output>
          </reporter-output>
        </test-method> <!-- browser -->
        <test-method signature="f()[pri:0, instance:Piit.training.session.AmazonTestNGFramework.AmazonToPurchase@1622f1b]" started-at="2022-10-18T22:17:30 EDT" name="f" finished-at="2022-10-18T22:17:44 EDT" duration-ms="13779" status="PASS">
          <reporter-output>
          </reporter-output>
        </test-method> <!-- f -->
        <test-method is-config="true" signature="AfterTestClass()[pri:0, instance:Piit.training.session.AmazonTestNGFramework.AmazonToPurchase@1622f1b]" started-at="2022-10-18T22:17:44 EDT" name="AfterTestClass" finished-at="2022-10-18T22:17:44 EDT" duration-ms="0" status="PASS">
          <reporter-output>
          </reporter-output>
        </test-method> <!-- AfterTestClass -->
      </class> <!-- Piit.training.session.AmazonTestNGFramework.AmazonToPurchase -->
    </test> <!-- IT -->
  </suite> <!-- Regression -->
</testng-results>
